<?xml version="1.0" encoding="UTF-8"?>
<testng-results ignored="0" total="1" passed="1" failed="0" skipped="0">
  <reporter-output>
  </reporter-output>
  <suite started-at="2023-04-07T23:25:02 IST" name="Default suite" finished-at="2023-04-07T23:25:57 IST" duration-ms="55063">
    <groups>
    </groups>
    <test started-at="2023-04-07T23:25:02 IST" name="Default test" finished-at="2023-04-07T23:25:57 IST" duration-ms="55063">
      <class name="ExtentReport.Online.MySampleExtentReport">
        <test-method is-config="true" signature="ExtentReportDemo()[pri:0, instance:ExtentReport.Online.MySampleExtentReport@4cc8eb05]" started-at="2023-04-07T23:25:02 IST" name="ExtentReportDemo" finished-at="2023-04-07T23:25:02 IST" duration-ms="610" status="PASS">
          <reporter-output>
          </reporter-output>
        </test-method> <!-- ExtentReportDemo -->
        <test-method signature="sampleTest()[pri:0, instance:ExtentReport.Online.MySampleExtentReport@4cc8eb05]" started-at="2023-04-07T23:25:02 IST" name="sampleTest" finished-at="2023-04-07T23:25:57 IST" duration-ms="54393" status="PASS">
          <reporter-output>
          </reporter-output>
        </test-method> <!-- sampleTest -->
      </class> <!-- ExtentReport.Online.MySampleExtentReport -->
    </test> <!-- Default test -->
  </suite> <!-- Default suite -->
</testng-results>
